<?xml version="1.0" encoding="UTF-8"?>
<!-- Generated by org.testng.reporters.JUnitReportReporter -->
<testsuite hostname="DESKTOP-A58GS94" failures="0" tests="2" name="annotation.Facebook_Amazon" time="25.813" errors="0" timestamp="2023-09-23T08:34:08 IST" skipped="0">
  <testcase classname="annotation.Facebook_Amazon" name="Amazon" time="11.417"/>
  <testcase classname="annotation.Facebook_Amazon" name="facebook" time="14.396"/>
</testsuite> <!-- annotation.Facebook_Amazon -->
