<?xml version="1.0" encoding="UTF-8"?>
<!-- Generated by org.testng.reporters.JUnitReportReporter -->
<testsuite hostname="DESKTOP-A58GS94" failures="0" tests="1" name="TestNg_Failed.Amazon" time="9.720" errors="0" timestamp="2023-09-23T07:25:10 IST" skipped="0">
  <testcase classname="TestNg_Failed.Amazon" name="amz" time="9.720"/>
</testsuite> <!-- TestNg_Failed.Amazon -->
