<?xml version="1.0" encoding="UTF-8"?>
<!-- Generated by org.testng.reporters.JUnitReportReporter -->
<testsuite hostname="DESKTOP-A58GS94" failures="0" tests="1" name="TestNG_Parallel.Facebook" time="13.607" errors="0" timestamp="2023-09-24T18:48:38 IST" skipped="0">
  <testcase classname="TestNG_Parallel.Facebook" name="facebook" time="13.607"/>
</testsuite> <!-- TestNG_Parallel.Facebook -->
