<?xml version="1.0" encoding="UTF-8"?>
<!-- Generated by org.testng.reporters.JUnitReportReporter -->
<testsuite hostname="DESKTOP-A58GS94" failures="0" tests="9" name="TestNG.Priority_Invocation_Enabled_Java" time="0.053" errors="0" timestamp="2023-09-24T18:20:26 IST" skipped="1">
  <testcase classname="TestNG.Priority_Invocation_Enabled_Java" name="demo1" time="0.007"/>
  <testcase classname="TestNG.Priority_Invocation_Enabled_Java" name="demo1" time="0.013"/>
  <testcase classname="TestNG.Priority_Invocation_Enabled_Java" name="demo1" time="0.003"/>
  <testcase classname="TestNG.Priority_Invocation_Enabled_Java" name="demo3" time="0.005"/>
  <testcase classname="TestNG.Priority_Invocation_Enabled_Java" name="demo3" time="0.006"/>
  <testcase classname="TestNG.Priority_Invocation_Enabled_Java" name="demo3" time="0.006"/>
  <testcase classname="TestNG.Priority_Invocation_Enabled_Java" name="demo3" time="0.007"/>
  <testcase classname="TestNG.Priority_Invocation_Enabled_Java" name="demo3" time="0.006"/>
  <testcase classname="TestNG.Priority_Invocation_Enabled_Java" name="demo2">
    <skipped/>
  </testcase> <!-- demo2 -->
</testsuite> <!-- TestNG.Priority_Invocation_Enabled_Java -->
