<?xml version="1.0" encoding="UTF-8"?>
<!-- Generated by org.testng.reporters.JUnitReportReporter -->
<testsuite hostname="DESKTOP-A58GS94" failures="0" tests="3" name="TestNG_Assertion.Data_Provider" time="35.994" errors="0" timestamp="2023-09-23T09:05:44 IST" skipped="0">
  <testcase classname="TestNG_Assertion.Data_Provider" name="demo" time="11.026"/>
  <testcase classname="TestNG_Assertion.Data_Provider" name="demo" time="10.805"/>
  <testcase classname="TestNG_Assertion.Data_Provider" name="demo" time="14.163"/>
</testsuite> <!-- TestNG_Assertion.Data_Provider -->
