<?xml version="1.0" encoding="UTF-8"?>
<!-- Generated by org.testng.reporters.JUnitReportReporter -->
<testsuite hostname="DESKTOP-A58GS94" failures="0" tests="1" name="TestNg_Sequencial.Facebook" time="15.517" errors="0" timestamp="2023-09-24T18:15:01 IST" skipped="0">
  <testcase classname="TestNg_Sequencial.Facebook" name="facebook" time="15.517"/>
</testsuite> <!-- TestNg_Sequencial.Facebook -->
