<?xml version="1.0" encoding="UTF-8"?>
<!-- Generated by org.testng.reporters.JUnitReportReporter -->
<testsuite hostname="DESKTOP-A58GS94" failures="0" tests="1" name="TestNG_Groups.Sample1" time="0.011" errors="0" timestamp="2023-09-22T08:55:35 IST" skipped="0">
  <testcase classname="TestNG_Groups.Sample1" name="samp2" time="0.011"/>
</testsuite> <!-- TestNG_Groups.Sample1 -->
