<?xml version="1.0" encoding="UTF-8"?>
<!-- Generated by org.testng.reporters.JUnitReportReporter -->
<testsuite hostname="DESKTOP-A58GS94" failures="0" tests="2" name="TestNg_Sequencial.Cross_Browser" time="16.270" errors="0" timestamp="2023-09-22T08:31:49 IST" skipped="0">
  <testcase classname="TestNg_Sequencial.Cross_Browser" name="fb" time="9.622"/>
  <testcase classname="TestNg_Sequencial.Cross_Browser" name="fb" time="6.648"/>
</testsuite> <!-- TestNg_Sequencial.Cross_Browser -->
