<?xml version="1.0" encoding="UTF-8"?>
<!-- Generated by org.testng.reporters.JUnitReportReporter -->
<testsuite hostname="DESKTOP-A58GS94" failures="0" tests="1" name="TestNG_Assertion.Assert" time="9.333" errors="0" timestamp="2023-09-23T08:00:03 IST" skipped="0">
  <testcase classname="TestNG_Assertion.Assert" name="Facebook" time="9.333"/>
</testsuite> <!-- TestNG_Assertion.Assert -->
